<?xml version="1.0" encoding="UTF-8"?>
<testng-results ignored="0" total="2" passed="2" failed="0" skipped="0">
  <reporter-output>
  </reporter-output>
  <suite started-at="2024-05-08T12:14:26 IST" name="Default suite" finished-at="2024-05-08T12:14:26 IST" duration-ms="46">
    <groups>
    </groups>
    <test started-at="2024-05-08T12:14:26 IST" name="Default test" finished-at="2024-05-08T12:14:26 IST" duration-ms="46">
      <class name="test_ng.TestNG4">
        <test-method is-config="true" signature="f()[pri:0, instance:test_ng.TestNG4@342c38f8]" started-at="2024-05-08T12:14:26 IST" name="f" finished-at="2024-05-08T12:14:26 IST" duration-ms="4" status="PASS">
          <reporter-output>
          </reporter-output>
        </test-method> <!-- f -->
        <test-method signature="h()[pri:0, instance:test_ng.TestNG4@342c38f8]" started-at="2024-05-08T12:14:26 IST" name="h" finished-at="2024-05-08T12:14:26 IST" duration-ms="5" status="PASS">
          <reporter-output>
          </reporter-output>
        </test-method> <!-- h -->
        <test-method is-config="true" signature="s()[pri:0, instance:test_ng.TestNG4@342c38f8]" started-at="2024-05-08T12:14:26 IST" name="s" finished-at="2024-05-08T12:14:26 IST" duration-ms="1" status="PASS">
          <reporter-output>
          </reporter-output>
        </test-method> <!-- s -->
        <test-method is-config="true" signature="f()[pri:0, instance:test_ng.TestNG4@342c38f8]" started-at="2024-05-08T12:14:26 IST" name="f" finished-at="2024-05-08T12:14:26 IST" duration-ms="0" status="PASS">
          <reporter-output>
          </reporter-output>
        </test-method> <!-- f -->
        <test-method signature="z()[pri:0, instance:test_ng.TestNG4@342c38f8]" started-at="2024-05-08T12:14:26 IST" name="z" finished-at="2024-05-08T12:14:26 IST" duration-ms="2" status="PASS">
          <reporter-output>
          </reporter-output>
        </test-method> <!-- z -->
        <test-method is-config="true" signature="s()[pri:0, instance:test_ng.TestNG4@342c38f8]" started-at="2024-05-08T12:14:26 IST" name="s" finished-at="2024-05-08T12:14:26 IST" duration-ms="1" status="PASS">
          <reporter-output>
          </reporter-output>
        </test-method> <!-- s -->
      </class> <!-- test_ng.TestNG4 -->
    </test> <!-- Default test -->
  </suite> <!-- Default suite -->
</testng-results>
