<?xml version="1.0" encoding="UTF-8"?>
<!-- Generated by org.testng.reporters.JUnitReportReporter -->
<testsuite hostname="DESKTOP-PQ0368B" failures="0" tests="6" name="test_ng.TestNG2" time="0.012" errors="0" timestamp="2024-05-07T19:23:47 IST" skipped="0">
  <testcase classname="test_ng.TestNG2" name="p" time="0.000"/>
  <system-out/>
  <testcase classname="test_ng.TestNG2" name="j" time="0.001"/>
  <system-out/>
  <testcase classname="test_ng.TestNG2" name="h" time="0.008"/>
  <system-out/>
  <testcase classname="test_ng.TestNG2" name="v" time="0.001"/>
  <system-out/>
  <testcase classname="test_ng.TestNG2" name="t" time="0.001"/>
  <system-out/>
  <testcase classname="test_ng.TestNG2" name="s" time="0.001"/>
  <system-out/>
</testsuite> <!-- test_ng.TestNG2 -->
