<?xml version="1.0" encoding="UTF-8"?>
<!-- Generated by org.testng.reporters.JUnitReportReporter -->
<testsuite hostname="DESKTOP-PQ0368B" failures="0" tests="3" name="test_ng.TestNG3" time="0.009" errors="0" timestamp="2024-05-08T12:03:08 IST" skipped="0">
  <testcase classname="test_ng.TestNG3" name="z" time="0.001"/>
  <system-out/>
  <testcase classname="test_ng.TestNG3" name="k" time="0.003"/>
  <system-out/>
  <testcase classname="test_ng.TestNG3" name="a" time="0.005"/>
  <system-out/>
</testsuite> <!-- test_ng.TestNG3 -->
